h:\gea\geaturret\bin\desktop_2015\win32\debug\directxtk.pch
h:\gea\geaturret\bin\desktop_2015\win32\debug\directxtk.pdb
h:\gea\geaturret\bin\desktop_2015\win32\debug\directxtk.idb
h:\gea\geaturret\bin\desktop_2015\win32\debug\pch.obj
h:\gea\geaturret\bin\desktop_2015\win32\debug\environmentmapeffect.obj
h:\gea\geaturret\bin\desktop_2015\win32\debug\gamepad.obj
h:\gea\geaturret\bin\desktop_2015\win32\debug\geometricprimitive.obj
h:\gea\geaturret\bin\desktop_2015\win32\debug\geometry.obj
h:\gea\geaturret\bin\desktop_2015\win32\debug\graphicsmemory.obj
h:\gea\geaturret\bin\desktop_2015\win32\debug\keyboard.obj
h:\gea\geaturret\bin\desktop_2015\win32\debug\model.obj
h:\gea\geaturret\bin\desktop_2015\win32\debug\modelloadcmo.obj
h:\gea\geaturret\bin\desktop_2015\win32\debug\modelloadsdkmesh.obj
h:\gea\geaturret\bin\desktop_2015\win32\debug\modelloadvbo.obj
h:\gea\geaturret\bin\desktop_2015\win32\debug\mouse.obj
h:\gea\geaturret\bin\desktop_2015\win32\debug\normalmapeffect.obj
h:\gea\geaturret\bin\desktop_2015\win32\debug\screengrab.obj
h:\gea\geaturret\bin\desktop_2015\win32\debug\simplemath.obj
h:\gea\geaturret\bin\desktop_2015\win32\debug\skinnedeffect.obj
h:\gea\geaturret\bin\desktop_2015\win32\debug\spritebatch.obj
h:\gea\geaturret\bin\desktop_2015\win32\debug\primitivebatch.obj
h:\gea\geaturret\bin\desktop_2015\win32\debug\spritefont.obj
h:\gea\geaturret\bin\desktop_2015\win32\debug\vertextypes.obj
h:\gea\geaturret\bin\desktop_2015\win32\debug\wictextureloader.obj
h:\gea\geaturret\bin\desktop_2015\win32\debug\alphatesteffect.obj
h:\gea\geaturret\bin\desktop_2015\win32\debug\basiceffect.obj
h:\gea\geaturret\bin\desktop_2015\win32\debug\commonstates.obj
h:\gea\geaturret\bin\desktop_2015\win32\debug\ddstextureloader.obj
h:\gea\geaturret\bin\desktop_2015\win32\debug\dgsleffect.obj
h:\gea\geaturret\bin\desktop_2015\win32\debug\dgsleffectfactory.obj
h:\gea\geaturret\bin\desktop_2015\win32\debug\dualtextureeffect.obj
h:\gea\geaturret\bin\desktop_2015\win32\debug\binaryreader.obj
h:\gea\geaturret\bin\desktop_2015\win32\debug\effectcommon.obj
h:\gea\geaturret\bin\desktop_2015\win32\debug\effectfactory.obj
h:\gea\geaturret\bin\desktop_2015\win32\debug\directxtk.lib
h:\gea\geaturret\bin\desktop_2015\win32\debug\audioengine.obj
h:\gea\geaturret\bin\desktop_2015\win32\debug\bullet.obj
h:\gea\geaturret\bin\desktop_2015\win32\debug\camera.obj
h:\gea\geaturret\bin\desktop_2015\win32\debug\cmogo.obj
h:\gea\geaturret\bin\desktop_2015\win32\debug\dynamicsoundeffectinstance.obj
h:\gea\geaturret\bin\desktop_2015\win32\debug\enemy.obj
h:\gea\geaturret\bin\desktop_2015\win32\debug\enemymanager.obj
h:\gea\geaturret\bin\desktop_2015\win32\debug\game.obj
h:\gea\geaturret\bin\desktop_2015\win32\debug\gamedata.obj
h:\gea\geaturret\bin\desktop_2015\win32\debug\gameobject.obj
h:\gea\geaturret\bin\desktop_2015\win32\debug\gun.obj
h:\gea\geaturret\bin\desktop_2015\win32\debug\soundcommon.obj
h:\gea\geaturret\bin\desktop_2015\win32\debug\soundeffect.obj
h:\gea\geaturret\bin\desktop_2015\win32\debug\soundeffectinstance.obj
h:\gea\geaturret\bin\desktop_2015\win32\debug\terrain.obj
h:\gea\geaturret\bin\desktop_2015\win32\debug\tpscam.obj
h:\gea\geaturret\bin\desktop_2015\win32\debug\vehicle.obj
h:\gea\geaturret\bin\desktop_2015\win32\debug\wavebank.obj
h:\gea\geaturret\bin\desktop_2015\win32\debug\wavebankreader.obj
h:\gea\geaturret\bin\desktop_2015\win32\debug\wavfilereader.obj
h:\gea\geaturret\bin\desktop_2015\win32\debug\directxtkaudiowin8.pch
h:\gea\geaturret\bin\desktop_2015\win32\debug\directxtkaudiowin8.idb
h:\gea\geaturret\bin\desktop_2015\win32\debug\game.idb
h:\gea\geaturret\bin\desktop_2015\win32\debug\directxtkaudiowin8.pdb
h:\gea\geaturret\bin\desktop_2015\win32\debug\game.pdb
h:\gea\geaturret\bin\desktop_2015\win32\debug\directxt.e0b52ae7.tlog\cl.command.1.tlog
h:\gea\geaturret\bin\desktop_2015\win32\debug\directxt.e0b52ae7.tlog\cl.read.1.tlog
h:\gea\geaturret\bin\desktop_2015\win32\debug\directxt.e0b52ae7.tlog\cl.write.1.tlog
h:\gea\geaturret\bin\desktop_2015\win32\debug\directxt.e0b52ae7.tlog\lib-link.read.1.tlog
h:\gea\geaturret\bin\desktop_2015\win32\debug\directxt.e0b52ae7.tlog\lib-link.write.1.tlog
h:\gea\geaturret\bin\desktop_2015\win32\debug\directxt.e0b52ae7.tlog\lib.command.1.tlog
