h:\gea\geaturret\debug\hexatiles.cmo
h:\gea\geaturret\debug\_program files (x86)_microsoft visual studio 14.0_common7_ide_extensions_microsoft_vsgraphics_assets_effects_phong.dgsl.cso
h:\gea\geaturret\debug\turret.cmo
h:\gea\geaturret\assets\wrangler\jeep.fbm\hdm_03_felgi_ref.jpg
h:\gea\geaturret\assets\wrangler\jeep.fbm\camouflage-texture-patterns-04.jpg
h:\gea\geaturret\assets\wrangler\jeep.fbm\cement.gif
h:\gea\geaturret\debug\jeep.cmo
h:\gea\geaturret\debug\_gea_geaturret_assets_wrangler_jeep.fbm_hdm__03__felgi__ref.jpg.dds
h:\gea\geaturret\debug\_gea_geaturret_assets_wrangler_jeep.fbm_camouflage-texture-patterns-04.jpg.dds
h:\gea\geaturret\debug\_gea_geaturret_assets_wrangler_jeep.fbm_cement.gif.dds
h:\gea\geaturret\debug\bullet.cmo
c:\programdata\nvidia corporation\drs\nvapptimestamps
h:\gea\geaturret\assets\debug\assets.tlog\meshcontenttask-vsgraphics.2344.read.1.tlog
h:\gea\geaturret\assets\debug\assets.tlog\meshcontenttask-vsgraphics.2344.read.2.tlog
h:\gea\geaturret\assets\debug\assets.tlog\meshcontenttask-vsgraphics.2344.write.1.tlog
h:\gea\geaturret\assets\debug\assets.tlog\meshcontenttask-vsgraphics.2344.write.2.tlog
h:\gea\geaturret\assets\debug\assets.tlog\meshcontenttask-vsgraphics.3060.read.1.tlog
h:\gea\geaturret\assets\debug\assets.tlog\meshcontenttask-vsgraphics.3060.read.2.tlog
h:\gea\geaturret\assets\debug\assets.tlog\meshcontenttask-vsgraphics.3060.write.1.tlog
h:\gea\geaturret\assets\debug\assets.tlog\meshcontenttask-vsgraphics.3060.write.2.tlog
h:\gea\geaturret\assets\debug\assets.tlog\meshcontenttask-vsgraphics.4352.read.1.tlog
h:\gea\geaturret\assets\debug\assets.tlog\meshcontenttask-vsgraphics.4352.read.2.tlog
h:\gea\geaturret\assets\debug\assets.tlog\meshcontenttask-vsgraphics.4352.write.1.tlog
h:\gea\geaturret\assets\debug\assets.tlog\meshcontenttask-vsgraphics.4352.write.2.tlog
h:\gea\geaturret\assets\debug\assets.tlog\meshcontenttask-vsgraphics.5256.read.1.tlog
h:\gea\geaturret\assets\debug\assets.tlog\meshcontenttask-vsgraphics.5256.read.2.tlog
h:\gea\geaturret\assets\debug\assets.tlog\meshcontenttask-vsgraphics.5256.write.1.tlog
h:\gea\geaturret\assets\debug\assets.tlog\meshcontenttask-vsgraphics.5256.write.2.tlog
h:\gea\geaturret\assets\debug\assets.tlog\meshcontenttask-vsgraphics.5936.read.1.tlog
h:\gea\geaturret\assets\debug\assets.tlog\meshcontenttask-vsgraphics.5936.read.2.tlog
h:\gea\geaturret\assets\debug\assets.tlog\meshcontenttask-vsgraphics.5936.write.1.tlog
h:\gea\geaturret\assets\debug\assets.tlog\meshcontenttask-vsgraphics.5936.write.2.tlog
h:\gea\geaturret\assets\debug\assets.tlog\meshcontenttask-vsgraphics.6072.read.1.tlog
h:\gea\geaturret\assets\debug\assets.tlog\meshcontenttask-vsgraphics.6072.read.2.tlog
h:\gea\geaturret\assets\debug\assets.tlog\meshcontenttask-vsgraphics.6072.write.1.tlog
h:\gea\geaturret\assets\debug\assets.tlog\meshcontenttask-vsgraphics.6072.write.2.tlog
h:\gea\geaturret\assets\debug\assets.tlog\meshcontenttask-vsgraphics.7988.read.1.tlog
h:\gea\geaturret\assets\debug\assets.tlog\meshcontenttask-vsgraphics.7988.read.2.tlog
h:\gea\geaturret\assets\debug\assets.tlog\meshcontenttask-vsgraphics.7988.write.1.tlog
h:\gea\geaturret\assets\debug\assets.tlog\meshcontenttask-vsgraphics.7988.write.2.tlog
h:\gea\geaturret\assets\debug\assets.tlog\meshcontenttask-vsgraphics.8292.read.1.tlog
h:\gea\geaturret\assets\debug\assets.tlog\meshcontenttask-vsgraphics.8292.read.2.tlog
h:\gea\geaturret\assets\debug\assets.tlog\meshcontenttask-vsgraphics.8292.write.1.tlog
h:\gea\geaturret\assets\debug\assets.tlog\meshcontenttask-vsgraphics.8292.write.2.tlog
h:\gea\geaturret\assets\debug\assets.tlog\meshcontenttask-vsgraphics.9024.read.1.tlog
h:\gea\geaturret\assets\debug\assets.tlog\meshcontenttask-vsgraphics.9024.read.2.tlog
h:\gea\geaturret\assets\debug\assets.tlog\meshcontenttask-vsgraphics.9024.write.1.tlog
h:\gea\geaturret\assets\debug\assets.tlog\meshcontenttask-vsgraphics.9024.write.2.tlog
h:\gea\geaturret\assets\debug\assets.tlog\meshcontenttask-vsgraphics.read.1.tlog
h:\gea\geaturret\assets\debug\assets.tlog\meshcontenttask-vsgraphics.read.2.tlog
h:\gea\geaturret\assets\debug\assets.tlog\meshcontenttask-vsgraphics.write.1.tlog
h:\gea\geaturret\assets\debug\assets.tlog\meshcontenttask-vsgraphics.write.2.tlog
